# JRE version: OpenJDK Runtime Environment Temurin-17.0.10+7 (17.0.10+7) (build 17.0.10+7)
# Java VM: OpenJDK 64-Bit Server VM Temurin-17.0.10+7 (17.0.10+7, mixed mode, tiered, compressed oops, compressed class ptrs, parallel gc, windows-amd64)
GC Precious Log:
 CPUs: 8 total, 8 available
 Memory: 8039M
 Large Page Support: Disabled
 NUMA Support: Disabled
 Compressed Oops: Enabled (32-bit)
 Alignments: Space 512K, Generation 512K, Heap 2M
 Heap Min Capacity: 100M
 Heap Initial Capacity: 100M
 Heap Max Capacity: 1G
 Pre-touch: Disabled
 Parallel Workers: 8
Heap:
 PSYoungGen      total 12288K, used 9219K [0x00000000eab00000, 0x00000000eb980000, 0x0000000100000000)
  eden space 10752K, 75% used [0x00000000eab00000,0x00000000eb2ea830,0x00000000eb580000)
  from space 1536K, 72% used [0x00000000eb800000,0x00000000eb916410,0x00000000eb980000)
  to   space 1536K, 0% used [0x00000000eb680000,0x00000000eb680000,0x00000000eb800000)
 ParOldGen       total 206336K, used 160461K [0x00000000c0000000, 0x00000000cc980000, 0x00000000eab00000)
  object space 206336K, 77% used [0x00000000c0000000,0x00000000c9cb3788,0x00000000cc980000)
 Metaspace       used 104024K, committed 105728K, reserved 1179648K
  class space    used 10090K, committed 10816K, reserved 1048576K
GC Heap History (20 events):
Event: 8182.985 GC heap before
{Heap before GC invocations=12995 (full 286):
 PSYoungGen      total 12288K, used 11961K [0x00000000eab00000, 0x00000000eba00000, 0x0000000100000000)
  eden space 10752K, 100% used [0x00000000eab00000,0x00000000eb580000,0x00000000eb580000)
  from space 1536K, 78% used [0x00000000eb580000,0x00000000eb6ae430,0x00000000eb700000)
  to   space 2048K, 0% used [0x00000000eb800000,0x00000000eb800000,0x00000000eba00000)
 ParOldGen       total 205824K, used 202041K [0x00000000c0000000, 0x00000000cc900000, 0x00000000eab00000)
  object space 205824K, 98% used [0x00000000c0000000,0x00000000cc54e400,0x00000000cc900000)
 Metaspace       used 104023K, committed 105728K, reserved 1179648K
  class space    used 10090K, committed 10816K, reserved 1048576K
}
Event: 8182.988 GC heap after
{Heap after GC invocations=12995 (full 286):
 PSYoungGen      total 12800K, used 2018K [0x00000000eab00000, 0x00000000eba80000, 0x0000000100000000)
  eden space 10752K, 0% used [0x00000000eab00000,0x00000000eab00000,0x00000000eb580000)
  from space 2048K, 98% used [0x00000000eb800000,0x00000000eb9f8850,0x00000000eba00000)
  to   space 2560K, 0% used [0x00000000eb580000,0x00000000eb580000,0x00000000eb800000)
 ParOldGen       total 205824K, used 202145K [0x00000000c0000000, 0x00000000cc900000, 0x00000000eab00000)
  object space 205824K, 98% used [0x00000000c0000000,0x00000000cc568420,0x00000000cc900000)
 Metaspace       used 104023K, committed 105728K, reserved 1179648K
  class space    used 10090K, committed 10816K, reserved 1048576K
}
Event: 8183.041 GC heap before
{Heap before GC invocations=12996 (full 286):
 PSYoungGen      total 12800K, used 12770K [0x00000000eab00000, 0x00000000eba80000, 0x0000000100000000)
  eden space 10752K, 100% used [0x00000000eab00000,0x00000000eb580000,0x00000000eb580000)
  from space 2048K, 98% used [0x00000000eb800000,0x00000000eb9f8850,0x00000000eba00000)
  to   space 2560K, 0% used [0x00000000eb580000,0x00000000eb580000,0x00000000eb800000)
 ParOldGen       total 205824K, used 202145K [0x00000000c0000000, 0x00000000cc900000, 0x00000000eab00000)
  object space 205824K, 98% used [0x00000000c0000000,0x00000000cc568420,0x00000000cc900000)
 Metaspace       used 104024K, committed 105728K, reserved 1179648K
  class space    used 10090K, committed 10816K, reserved 1048576K
}
Event: 8183.045 GC heap after
{Heap after GC invocations=12996 (full 286):
 PSYoungGen      total 13312K, used 2533K [0x00000000eab00000, 0x00000000ebd80000, 0x0000000100000000)
  eden space 10752K, 0% used [0x00000000eab00000,0x00000000eab00000,0x00000000eb580000)
  from space 2560K, 98% used [0x00000000eb580000,0x00000000eb7f9410,0x00000000eb800000)
  to   space 4096K, 0% used [0x00000000eb980000,0x00000000eb980000,0x00000000ebd80000)
 ParOldGen       total 205824K, used 203322K [0x00000000c0000000, 0x00000000cc900000, 0x00000000eab00000)
  object space 205824K, 98% used [0x00000000c0000000,0x00000000cc68ea60,0x00000000cc900000)
 Metaspace       used 104024K, committed 105728K, reserved 1179648K
  class space    used 10090K, committed 10816K, reserved 1048576K
}
Event: 8183.118 GC heap before
{Heap before GC invocations=12997 (full 286):
 PSYoungGen      total 13312K, used 13285K [0x00000000eab00000, 0x00000000ebd80000, 0x0000000100000000)
  eden space 10752K, 100% used [0x00000000eab00000,0x00000000eb580000,0x00000000eb580000)
  from space 2560K, 98% used [0x00000000eb580000,0x00000000eb7f9410,0x00000000eb800000)
  to   space 4096K, 0% used [0x00000000eb980000,0x00000000eb980000,0x00000000ebd80000)
 ParOldGen       total 205824K, used 203322K [0x00000000c0000000, 0x00000000cc900000, 0x00000000eab00000)
  object space 205824K, 98% used [0x00000000c0000000,0x00000000cc68ea60,0x00000000cc900000)
 Metaspace       used 104024K, committed 105728K, reserved 1179648K
  class space    used 10090K, committed 10816K, reserved 1048576K
}
Event: 8183.120 GC heap after
{Heap after GC invocations=12997 (full 286):
 PSYoungGen      total 11264K, used 265K [0x00000000eab00000, 0x00000000eba00000, 0x0000000100000000)
  eden space 10752K, 0% used [0x00000000eab00000,0x00000000eab00000,0x00000000eb580000)
  from space 512K, 51% used [0x00000000eb980000,0x00000000eb9c2400,0x00000000eba00000)
  to   space 1536K, 0% used [0x00000000eb700000,0x00000000eb700000,0x00000000eb880000)
 ParOldGen       total 205824K, used 203843K [0x00000000c0000000, 0x00000000cc900000, 0x00000000eab00000)
  object space 205824K, 99% used [0x00000000c0000000,0x00000000cc710e60,0x00000000cc900000)
 Metaspace       used 104024K, committed 105728K, reserved 1179648K
  class space    used 10090K, committed 10816K, reserved 1048576K
}
Event: 8183.181 GC heap before
{Heap before GC invocations=12998 (full 286):
 PSYoungGen      total 11264K, used 11017K [0x00000000eab00000, 0x00000000eba00000, 0x0000000100000000)
  eden space 10752K, 100% used [0x00000000eab00000,0x00000000eb580000,0x00000000eb580000)
  from space 512K, 51% used [0x00000000eb980000,0x00000000eb9c2400,0x00000000eba00000)
  to   space 1536K, 0% used [0x00000000eb700000,0x00000000eb700000,0x00000000eb880000)
 ParOldGen       total 205824K, used 203843K [0x00000000c0000000, 0x00000000cc900000, 0x00000000eab00000)
  object space 205824K, 99% used [0x00000000c0000000,0x00000000cc710e60,0x00000000cc900000)
 Metaspace       used 104024K, committed 105728K, reserved 1179648K
  class space    used 10090K, committed 10816K, reserved 1048576K
}
Event: 8183.184 GC heap after
{Heap after GC invocations=12998 (full 286):
 PSYoungGen      total 12288K, used 402K [0x00000000eab00000, 0x00000000eba00000, 0x0000000100000000)
  eden space 10752K, 0% used [0x00000000eab00000,0x00000000eab00000,0x00000000eb580000)
  from space 1536K, 26% used [0x00000000eb700000,0x00000000eb764800,0x00000000eb880000)
  to   space 1024K, 0% used [0x00000000eb900000,0x00000000eb900000,0x00000000eba00000)
 ParOldGen       total 205824K, used 203843K [0x00000000c0000000, 0x00000000cc900000, 0x00000000eab00000)
  object space 205824K, 99% used [0x00000000c0000000,0x00000000cc710e60,0x00000000cc900000)
 Metaspace       used 104024K, committed 105728K, reserved 1179648K
  class space    used 10090K, committed 10816K, reserved 1048576K
}
Event: 8183.211 GC heap before
{Heap before GC invocations=12999 (full 286):
 PSYoungGen      total 12288K, used 11154K [0x00000000eab00000, 0x00000000eba00000, 0x0000000100000000)
  eden space 10752K, 100% used [0x00000000eab00000,0x00000000eb580000,0x00000000eb580000)
  from space 1536K, 26% used [0x00000000eb700000,0x00000000eb764800,0x00000000eb880000)
  to   space 1024K, 0% used [0x00000000eb900000,0x00000000eb900000,0x00000000eba00000)
 ParOldGen       total 205824K, used 203843K [0x00000000c0000000, 0x00000000cc900000, 0x00000000eab00000)
  object space 205824K, 99% used [0x00000000c0000000,0x00000000cc710e60,0x00000000cc900000)
 Metaspace       used 104024K, committed 105728K, reserved 1179648K
  class space    used 10090K, committed 10816K, reserved 1048576K
}
Event: 8183.214 GC heap after
{Heap after GC invocations=12999 (full 286):
 PSYoungGen      total 11776K, used 1010K [0x00000000eab00000, 0x00000000eba00000, 0x0000000100000000)
  eden space 10752K, 0% used [0x00000000eab00000,0x00000000eab00000,0x00000000eb580000)
  from space 1024K, 98% used [0x00000000eb900000,0x00000000eb9fc800,0x00000000eba00000)
  to   space 1536K, 0% used [0x00000000eb700000,0x00000000eb700000,0x00000000eb880000)
 ParOldGen       total 205824K, used 203859K [0x00000000c0000000, 0x00000000cc900000, 0x00000000eab00000)
  object space 205824K, 99% used [0x00000000c0000000,0x00000000cc714e70,0x00000000cc900000)
 Metaspace       used 104024K, committed 105728K, reserved 1179648K
  class space    used 10090K, committed 10816K, reserved 1048576K
}
Event: 8183.247 GC heap before
{Heap before GC invocations=13000 (full 286):
 PSYoungGen      total 11776K, used 11762K [0x00000000eab00000, 0x00000000eba00000, 0x0000000100000000)
  eden space 10752K, 100% used [0x00000000eab00000,0x00000000eb580000,0x00000000eb580000)
  from space 1024K, 98% used [0x00000000eb900000,0x00000000eb9fc800,0x00000000eba00000)
  to   space 1536K, 0% used [0x00000000eb700000,0x00000000eb700000,0x00000000eb880000)
 ParOldGen       total 205824K, used 203859K [0x00000000c0000000, 0x00000000cc900000, 0x00000000eab00000)
  object space 205824K, 99% used [0x00000000c0000000,0x00000000cc714e70,0x00000000cc900000)
 Metaspace       used 104024K, committed 105728K, reserved 1179648K
  class space    used 10090K, committed 10816K, reserved 1048576K
}
Event: 8183.254 GC heap after
{Heap after GC invocations=13000 (full 286):
 PSYoungGen      total 12288K, used 1520K [0x00000000eab00000, 0x00000000eba00000, 0x0000000100000000)
  eden space 10752K, 0% used [0x00000000eab00000,0x00000000eab00000,0x00000000eb580000)
  from space 1536K, 98% used [0x00000000eb700000,0x00000000eb87c018,0x00000000eb880000)
  to   space 1024K, 0% used [0x00000000eb900000,0x00000000eb900000,0x00000000eba00000)
 ParOldGen       total 210944K, used 210570K [0x00000000c0000000, 0x00000000cce00000, 0x00000000eab00000)
  object space 210944K, 99% used [0x00000000c0000000,0x00000000ccda2a78,0x00000000cce00000)
 Metaspace       used 104024K, committed 105728K, reserved 1179648K
  class space    used 10090K, committed 10816K, reserved 1048576K
}
Event: 8183.254 GC heap before
{Heap before GC invocations=13001 (full 287):
 PSYoungGen      total 12288K, used 1520K [0x00000000eab00000, 0x00000000eba00000, 0x0000000100000000)
  eden space 10752K, 0% used [0x00000000eab00000,0x00000000eab00000,0x00000000eb580000)
  from space 1536K, 98% used [0x00000000eb700000,0x00000000eb87c018,0x00000000eb880000)
  to   space 1024K, 0% used [0x00000000eb900000,0x00000000eb900000,0x00000000eba00000)
 ParOldGen       total 210944K, used 210570K [0x00000000c0000000, 0x00000000cce00000, 0x00000000eab00000)
  object space 210944K, 99% used [0x00000000c0000000,0x00000000ccda2a78,0x00000000cce00000)
 Metaspace       used 104024K, committed 105728K, reserved 1179648K
  class space    used 10090K, committed 10816K, reserved 1048576K
}
Event: 8183.454 GC heap after
{Heap after GC invocations=13001 (full 287):
 PSYoungGen      total 11776K, used 0K [0x00000000eab00000, 0x00000000eba00000, 0x0000000100000000)
  eden space 10752K, 0% used [0x00000000eab00000,0x00000000eab00000,0x00000000eb580000)
  from space 1024K, 0% used [0x00000000eb900000,0x00000000eb900000,0x00000000eba00000)
  to   space 1536K, 0% used [0x00000000eb700000,0x00000000eb700000,0x00000000eb880000)
 ParOldGen       total 206336K, used 154671K [0x00000000c0000000, 0x00000000cc980000, 0x00000000eab00000)
  object space 206336K, 74% used [0x00000000c0000000,0x00000000c970be78,0x00000000cc980000)
 Metaspace       used 104024K, committed 105728K, reserved 1179648K
  class space    used 10090K, committed 10816K, reserved 1048576K
}
Event: 8183.466 GC heap before
{Heap before GC invocations=13002 (full 287):
 PSYoungGen      total 11776K, used 10752K [0x00000000eab00000, 0x00000000eba00000, 0x0000000100000000)
  eden space 10752K, 100% used [0x00000000eab00000,0x00000000eb580000,0x00000000eb580000)
  from space 1024K, 0% used [0x00000000eb900000,0x00000000eb900000,0x00000000eba00000)
  to   space 1536K, 0% used [0x00000000eb700000,0x00000000eb700000,0x00000000eb880000)
 ParOldGen       total 206336K, used 154671K [0x00000000c0000000, 0x00000000cc980000, 0x00000000eab00000)
  object space 206336K, 74% used [0x00000000c0000000,0x00000000c970be78,0x00000000cc980000)
 Metaspace       used 104024K, committed 105728K, reserved 1179648K
  class space    used 10090K, committed 10816K, reserved 1048576K
}
Event: 8183.473 GC heap after
{Heap after GC invocations=13002 (full 287):
 PSYoungGen      total 12288K, used 1513K [0x00000000eab00000, 0x00000000eba00000, 0x0000000100000000)
  eden space 10752K, 0% used [0x00000000eab00000,0x00000000eab00000,0x00000000eb580000)
  from space 1536K, 98% used [0x00000000eb700000,0x00000000eb87a420,0x00000000eb880000)
  to   space 1024K, 0% used [0x00000000eb900000,0x00000000eb900000,0x00000000eba00000)
 ParOldGen       total 206336K, used 157895K [0x00000000c0000000, 0x00000000cc980000, 0x00000000eab00000)
  object space 206336K, 76% used [0x00000000c0000000,0x00000000c9a31e78,0x00000000cc980000)
 Metaspace       used 104024K, committed 105728K, reserved 1179648K
  class space    used 10090K, committed 10816K, reserved 1048576K
}
Event: 8183.487 GC heap before
{Heap before GC invocations=13003 (full 287):
 PSYoungGen      total 12288K, used 12265K [0x00000000eab00000, 0x00000000eba00000, 0x0000000100000000)
  eden space 10752K, 100% used [0x00000000eab00000,0x00000000eb580000,0x00000000eb580000)
  from space 1536K, 98% used [0x00000000eb700000,0x00000000eb87a420,0x00000000eb880000)
  to   space 1024K, 0% used [0x00000000eb900000,0x00000000eb900000,0x00000000eba00000)
 ParOldGen       total 206336K, used 157895K [0x00000000c0000000, 0x00000000cc980000, 0x00000000eab00000)
  object space 206336K, 76% used [0x00000000c0000000,0x00000000c9a31e78,0x00000000cc980000)
 Metaspace       used 104024K, committed 105728K, reserved 1179648K
  class space    used 10090K, committed 10816K, reserved 1048576K
}
Event: 8183.490 GC heap after
{Heap after GC invocations=13003 (full 287):
 PSYoungGen      total 11776K, used 1001K [0x00000000eab00000, 0x00000000eba00000, 0x0000000100000000)
  eden space 10752K, 0% used [0x00000000eab00000,0x00000000eab00000,0x00000000eb580000)
  from space 1024K, 97% used [0x00000000eb900000,0x00000000eb9fa400,0x00000000eba00000)
  to   space 1536K, 0% used [0x00000000eb700000,0x00000000eb700000,0x00000000eb880000)
 ParOldGen       total 206336K, used 159311K [0x00000000c0000000, 0x00000000cc980000, 0x00000000eab00000)
  object space 206336K, 77% used [0x00000000c0000000,0x00000000c9b93e78,0x00000000cc980000)
 Metaspace       used 104024K, committed 105728K, reserved 1179648K
  class space    used 10090K, committed 10816K, reserved 1048576K
}
Event: 8183.507 GC heap before
{Heap before GC invocations=13004 (full 287):
 PSYoungGen      total 11776K, used 11753K [0x00000000eab00000, 0x00000000eba00000, 0x0000000100000000)
  eden space 10752K, 100% used [0x00000000eab00000,0x00000000eb580000,0x00000000eb580000)
  from space 1024K, 97% used [0x00000000eb900000,0x00000000eb9fa400,0x00000000eba00000)
  to   space 1536K, 0% used [0x00000000eb700000,0x00000000eb700000,0x00000000eb880000)
 ParOldGen       total 206336K, used 159311K [0x00000000c0000000, 0x00000000cc980000, 0x00000000eab00000)
  object space 206336K, 77% used [0x00000000c0000000,0x00000000c9b93e78,0x00000000cc980000)
 Metaspace       used 104024K, committed 105728K, reserved 1179648K
  class space    used 10090K, committed 10816K, reserved 1048576K
}
Event: 8183.509 GC heap after
{Heap after GC invocations=13004 (full 287):
 PSYoungGen      total 11776K, used 569K [0x00000000eab00000, 0x00000000eb980000, 0x0000000100000000)
  eden space 10752K, 0% used [0x00000000eab00000,0x00000000eab00000,0x00000000eb580000)
  from space 1024K, 55% used [0x00000000eb700000,0x00000000eb78e410,0x00000000eb800000)
  to   space 1536K, 0% used [0x00000000eb800000,0x00000000eb800000,0x00000000eb980000)
 ParOldGen       total 206336K, used 159976K [0x00000000c0000000, 0x00000000cc980000, 0x00000000eab00000)
  object space 206336K, 77% used [0x00000000c0000000,0x00000000c9c3a278,0x00000000cc980000)
 Metaspace       used 104024K, committed 105728K, reserved 1179648K
  class space    used 10090K, committed 10816K, reserved 1048576K
}

